4
12
15
17
20
24
28
29
31
32
33
34
35
36
39
43
44
45
46
48
49
50
51
53
55
57
58
62
63
64
65
67
69
70
72
75
80
81
83
85
86
88
89
90
91
94
96
97
99
101
106
110
111
112
116
118
119
120
122
124
125
127
129
131
132
133
135
137
141
142
145
146
147
149
150
153
155
157
159
162
164
165
166
167
168
169
170
171
172
173
174
176
177
179
180
183
184
187
188
189
191
192
193
194
195
196
197
199
201
202
203
206
207
208
209
212
213
214
217
218
219
221
222
223
224
225
226
227
228
229
230
231
232
233
236
237
239
241
242
243
244
246
247
250
253
255
257
258
260
263
264
265
268
270
271
272
277
278
279
280
282
283
286
287
288
289
296
298
300
301
302
304
306
307
308
312
313
316
317
320
323
324
329
334
336
337
338
339
340
343
344
345
347
349
350
352
354
355
358
359
360
361
363
365
366
369
373
375
378
380
381
382
383
384
386
391
392
394
398
399
405
409
410
412
417
418
420
423
425
426
427
429
432
433
435
438
439
441
445
446
448
451
452
454
455
456
459
460
462
465
471
474
476
479
480
490
491
493
494
496
498
499
502
503
508
512
513
514
517
518
520
522
523
525
526
531
532
533
534
538
541
542
544
545
546
549
550
551
556
558
559
561
562
563
565
568
569
570
571
579
580
581
582
583
584
587
590
591
594
596
598
599
601
607
609
611
612
617
618
619
620
622
623
624
627
629
634
638
640
641
643
644
646
647
648
653
654
655
656
658
659
662
663
665
667
668
669
670
671
673
674
675
678
680
683
686
688
691
692
693
695
696
698
701
702
706
709
711
712
714
719
721
722
723
724
727
728
729
731
732
733
735
736
738
741
743
745
747
750
752
753
754
755
756
758
759
760
762
764
767
769
771
772
773
774
775
776
777
782
783
784
786
787
789
790
793
795
798
800
803
805
807
809
810
811
815
816
817
818
820
821
822
823
824
827
829
831
834
838
839
841
842
846
848
850
851
853
858
860
863
869
872
873
874
875
876
879
3
5
8
9
10
19
21
22
27
30
37
41
42
47
54
56
59
61
66
68
71
74
76
78
79
84
87
92
93
95
98
102
103
114
115
121
128
136
139
140
143
148
151
152
160
181
185
190
198
200
204
210
220
234
238
240
245
248
249
252
261
262
266
275
285
290
292
293
294
310
311
314
315
318
325
326
330
335
348
356
357
362
364
367
368
371
379
385
388
389
390
395
396
397
400
402
403
407
415
416
422
430
431
434
437
444
447
449
453
461
464
466
467
470
472
473
475
477
482
484
485
486
489
495
497
500
501
506
507
511
521
527
529
530
547
552
553
555
557
564
572
573
575
576
585
586
588
589
593
597
603
604
606
608
610
614
625
628
630
631
636
637
639
642
649
650
651
657
660
664
672
677
681
682
689
707
708
713
715
716
725
726
730
734
739
740
742
746
748
751
761
765
766
768
779
780
781
785
788
792
796
797
799
801
802
804
812
814
819
825
826
828
830
833
845
862
865
866
870
871
1
11
14
18
26
52
60
107
113
126
144
158
161
175
182
205
211
216
251
254
256
267
281
291
295
297
299
319
322
327
332
333
342
346
353
370
372
374
387
393
401
404
421
424
428
436
440
442
443
457
478
481
487
488
509
510
524
528
535
539
543
554
577
578
602
605
615
616
626
633
661
676
685
687
700
704
705
718
720
749
757
763
778
794
806
832
836
837
847
849
854
856
859
864
867
868
877
878
2
16
25
40
73
77
100
105
108
109
123
130
134
138
154
156
163
186
259
273
274
284
321
328
331
406
408
413
414
450
458
468
469
504
516
536
537
548
600
613
632
652
684
697
710
737
770
791
813
840
843
844
855
13
38
178
235
276
303
376
419
463
505
566
592
595
635
645
666
679
744
808
835
857
861
6
7
23
104
215
305
341
351
377
411
492
515
540
560
574
621
694
703
852
82
117
269
309
519
567
699
717
483
690
