1
2
3
5
6
7
8
9
10
11
13
14
16
18
19
21
22
23
25
26
27
30
37
38
40
41
42
47
52
54
56
59
60
61
66
68
71
73
74
76
77
78
79
82
84
87
92
93
95
98
100
102
103
104
105
107
108
109
113
114
115
117
121
123
126
128
130
134
136
138
139
140
143
144
148
151
152
154
156
158
160
161
163
175
178
181
182
185
186
190
198
200
204
205
210
211
215
216
220
234
235
238
240
245
248
249
251
252
254
256
259
261
262
266
267
269
273
274
275
276
281
284
285
290
291
292
293
294
295
297
299
303
305
309
310
311
314
315
318
319
321
322
325
326
327
328
330
331
332
333
335
341
342
346
348
351
353
356
357
362
364
367
368
370
371
372
374
376
377
379
385
387
388
389
390
393
395
396
397
400
401
402
403
404
406
407
408
411
413
414
415
416
419
421
422
424
428
430
431
434
436
437
440
442
443
444
447
449
450
453
457
458
461
463
464
466
467
468
469
470
472
473
475
477
478
481
482
483
484
485
486
487
488
489
492
495
497
500
501
504
505
506
507
509
510
511
515
516
519
521
524
527
528
529
530
535
536
537
539
540
543
547
548
552
553
554
555
557
560
564
566
567
572
573
574
575
576
577
578
585
586
588
589
592
593
595
597
600
602
603
604
605
606
608
610
613
614
615
616
621
625
626
628
630
631
632
633
635
636
637
639
642
645
649
650
651
652
657
660
661
664
666
672
676
677
679
681
682
684
685
687
689
690
694
697
699
700
703
704
705
707
708
710
713
715
716
717
718
720
725
726
730
734
737
739
740
742
744
746
748
749
751
757
761
763
765
766
768
770
778
779
780
781
785
788
791
792
794
796
797
799
801
802
804
806
808
812
813
814
819
825
826
828
830
832
833
835
836
837
840
843
844
845
847
849
852
854
855
856
857
859
861
862
864
865
866
867
868
870
871
877
878
1
2
6
7
11
13
14
16
18
23
25
26
38
40
52
60
73
77
82
100
104
105
107
108
109
113
117
123
126
130
134
138
144
154
156
158
161
163
175
178
182
186
205
211
215
216
235
251
254
256
259
267
269
273
274
276
281
284
291
295
297
299
303
305
309
319
321
322
327
328
331
332
333
341
342
346
351
353
370
372
374
376
377
387
393
401
404
406
408
411
413
414
419
421
424
428
436
440
442
443
450
457
458
463
468
469
478
481
483
487
488
492
504
505
509
510
515
516
519
524
528
535
536
537
539
540
543
548
554
560
566
567
574
577
578
592
595
600
602
605
613
615
616
621
626
632
633
635
645
652
661
666
676
679
684
685
687
690
694
697
699
700
703
704
705
710
717
718
720
737
744
749
757
763
770
778
791
794
806
808
813
832
835
836
837
840
843
844
847
849
852
854
855
856
857
859
861
864
867
868
877
878
2
6
7
13
16
23
25
38
40
73
77
82
100
104
105
108
109
117
123
130
134
138
154
156
163
178
186
215
235
259
269
273
274
276
284
303
305
309
321
328
331
341
351
376
377
406
408
411
413
414
419
450
458
463
468
469
483
492
504
505
515
516
519
536
537
540
548
560
566
567
574
592
595
600
613
621
632
635
645
652
666
679
684
690
694
697
699
703
710
717
737
744
770
791
808
813
835
840
843
844
852
855
857
861
6
7
13
23
38
82
104
117
178
215
235
269
276
303
305
309
341
351
376
377
411
419
463
483
492
505
515
519
540
560
566
567
574
592
595
621
635
645
666
679
690
694
699
703
717
744
808
835
852
857
861
6
7
23
82
104
117
215
269
305
309
341
351
377
411
483
492
515
519
540
560
567
574
621
690
694
699
703
717
852
82
117
269
309
483
519
567
690
699
717
483
690
